#
# A fatal error has been detected by the Java Runtime Environment:
#
#  EXCEPTION_ACCESS_VIOLATION (0xc0000005) at pc=0x00007ffaa558c630, pid=5724, tid=5324
#
# JRE version: OpenJDK Runtime Environment Temurin-17.0.13+11 (17.0.13+11) (build 17.0.13+11)
# Java VM: OpenJDK 64-Bit Server VM Temurin-17.0.13+11 (17.0.13+11, mixed mode, tiered, compressed oops, compressed class ptrs, parallel gc, windows-amd64)
# Problematic frame:
# V  [jvm.dll+0xc630]
#
# No core dump will be written. Minidumps are not enabled by default on client versions of Windows
#
# If you would like to submit a bug report, please visit:
#   https://github.com/adoptium/adoptium-support/issues
#

---------------  S U M M A R Y ------------

Command Line: --add-modules=ALL-SYSTEM --add-opens=java.base/java.util=ALL-UNNAMED --add-opens=java.base/java.lang=ALL-UNNAMED --add-opens=java.base/sun.nio.fs=ALL-UNNAMED -Declipse.application=org.eclipse.jdt.ls.core.id1 -Dosgi.bundles.defaultStartLevel=4 -Declipse.product=org.eclipse.jdt.ls.core.product -Djava.import.generatesMetadataFilesAtProjectRoot=false -DDetectVMInstallationsJob.disabled=true -Dfile.encoding=utf8 -XX:+UseParallelGC -XX:GCTimeRatio=4 -XX:AdaptiveSizePolicyWeight=90 -Dsun.zip.disableMemoryMapping=true -Xmx1G -Xms100m -Xlog:disable -javaagent:c:\Users\thele\.vscode\extensions\redhat.java-1.38.0-win32-x64\lombok\lombok-1.18.34.jar -XX:+HeapDumpOnOutOfMemoryError -XX:HeapDumpPath=c:\Users\thele\AppData\Roaming\Code\User\workspaceStorage\e5dde9302b5f83651fc1bc245e8a6f84\redhat.java -Daether.dependencyCollector.impl=bf c:\Users\thele\.vscode\extensions\redhat.java-1.38.0-win32-x64\server\plugins\org.eclipse.equinox.launcher_1.6.900.v20240613-2009.jar -configuration c:\Users\thele\AppData\Roaming\Code\User\globalStorage\redhat.java\1.38.0\config_win -data c:\Users\thele\AppData\Roaming\Code\User\workspaceStorage\e5dde9302b5f83651fc1bc245e8a6f84\redhat.java\jdt_ws --pipe=\\.\pipe\lsp-96c09aea332ba8519dfbb53090d3c455-sock

Host: Intel(R) Core(TM) i5-4590 CPU @ 3.30GHz, 4 cores, 11G,  Windows 10 , 64 bit Build 19041 (10.0.19041.5198)
Time: Tue Jan 21 20:13:34 2025 Hora oficial do Brasil elapsed time: 25.605644 seconds (0d 0h 0m 25s)

---------------  T H R E A D  ---------------

Current thread (0x0000017b086c6750):  GCTaskThread "GC Thread#0" [stack: 0x0000004856700000,0x0000004856800000] [id=5324]

Stack: [0x0000004856700000,0x0000004856800000],  sp=0x00000048567ffab8,  free space=1022k
Native frames: (J=compiled Java code, j=interpreted, Vv=VM code, C=native code)
V  [jvm.dll+0xc630]


siginfo: EXCEPTION_ACCESS_VIOLATION (0xc0000005), reading address 0x0000000000000100


Registers:
RAX=0x0000000000000000, RBX=0x00000000cdbcb308, RCX=0x0000000100040170, RDX=0x00000000cdbcb308
RSP=0x00000048567ffab8, RBP=0x00000000c9b4ae70, RSI=0x00000000cdbcb308, RDI=0x00000000c9b49a04
R8 =0x0000000100040170, R9 =0x0000000000000000, R10=0x00000000cc6fcbd8, R11=0x000000000000018d
R12=0x00007ffaa60b5840, R13=0x0000000000000000, R14=0x00007ffaa5f36448, R15=0x00007ffaa5ea0b90
RIP=0x00007ffaa558c630, EFLAGS=0x0000000000010246


Register to memory mapping:

RIP=0x00007ffaa558c630 jvm.dll
RAX=0x0 is NULL
RBX=
[error occurred during error reporting (printing register info), id 0xc0000005, EXCEPTION_ACCESS_VIOLATION (0xc0000005) at pc=0x00007ffaa5c0f1b3]

Top of Stack: (sp=0x00000048567ffab8)
0x00000048567ffab8:   00007ffaa5c36f52 00000000cc6fcbd8
0x00000048567ffac8:   0000000000000017 00000000c9932e60
0x00000048567ffad8:   00007ffa00086000 00000000c9b49a04
0x00000048567ffae8:   00007ffaa5c3698b 0000017b08756d00
0x00000048567ffaf8:   000000000000000c 0000000000000010
0x00000048567ffb08:   00007ffaa5d60001 00000000c9932e60
0x00000048567ffb18:   00007ffa00085800 0000262200000003
0x00000048567ffb28:   0000017b08756d00 0000000000000000
0x00000048567ffb38:   0000000000000000 00007ffaa5ea0b90
0x00000048567ffb48:   0000017b086bc140 0000004800000003
0x00000048567ffb58:   0000017b08756d00 0000000000000000
0x00000048567ffb68:   0000000000000000 00000048568feab8
0x00000048567ffb78:   0000000000000001 000000000000000c
0x00000048567ffb88:   0000000000000010 00000000c7c42488
0x00000048567ffb98:   0000017b08756d00 00000000c9b18e70
0x00000048567ffba8:   00007ffaa5c3d9ac 00000000c9b18e68
0x00000048567ffbb8:   000013d300002bf7 000001f50000011d
0x00000048567ffbc8:   00000000c9b18e70 00000000c9932e60
0x00000048567ffbd8:   00007ffa00079000 0000000000000000
0x00000048567ffbe8:   0000000000000000 0000000000000001
0x00000048567ffbf8:   00000048568feab0 0000000000000001
0x00000048567ffc08:   00000048568feab0 00000048568fea78
0x00000048567ffc18:   00000048568fe970 0000000000000001
0x00000048567ffc28:   00007ffaa5c3eb0a 0000000000000005
0x00000048567ffc38:   00000048567ffcb0 0000000000000000
0x00000048567ffc48:   0000017b08756d00 0000000000000020
0x00000048567ffc58:   00000048568ff268 0000000100000002
0x00000048567ffc68:   0000017b08756d00 00007ffaa5f36c38
0x00000048567ffc78:   0000017b08756d00 00007ffaa5f36e40
0x00000048567ffc88:   0000000000000001 0000000000000000
0x00000048567ffc98:   0000000000000000 0000000000000000
0x00000048567ffca8:   0000262221c2d831 0000000000000000 

Instructions: (pc=0x00007ffaa558c630)
0x00007ffaa558c530:   8b d0 48 85 c0 74 20 48 8b c7 f0 48 0f b1 13 74
0x00007ffaa558c540:   16 48 85 05 40 e4 bb 00 74 0d 48 8b c8 f0 48 0f
0x00007ffaa558c550:   b1 13 48 3b c1 75 ea 48 8b 5c 24 30 48 8b c2 48
0x00007ffaa558c560:   83 c4 20 5f c3 cc cc cc cc cc cc cc cc cc cc cc
0x00007ffaa558c570:   4c 8b 01 4c 8b c9 48 8b 0d 53 f6 b6 00 ba 64 60
0x00007ffaa558c580:   08 00 e9 19 f1 ff ff cc cc cc cc cc cc cc cc cc
0x00007ffaa558c590:   8b 05 72 3d b1 00 c3 cc cc cc cc cc cc cc cc cc
0x00007ffaa558c5a0:   0f b6 05 f1 fe b7 00 48 8b d1 84 c0 74 16 44 8b
0x00007ffaa558c5b0:   41 08 8b 0d 50 3d b1 00 49 d3 e0 4c 03 05 3e 3d
0x00007ffaa558c5c0:   b1 00 eb 04 4c 8b 41 08 45 8b 48 08 45 85 c9 7e
0x00007ffaa558c5d0:   0e 41 f6 c1 01 75 53 41 c1 f9 03 41 8b c1 c3 79
0x00007ffaa558c5e0:   49 84 c0 41 b8 0c 00 00 00 8b 05 55 4c b1 00 b9
0x00007ffaa558c5f0:   10 00 00 00 41 0f 45 c8 ff c8 48 98 48 63 14 11
0x00007ffaa558c600:   41 8b c9 83 e1 3f 48 d3 e2 41 8b c9 48 c1 f9 10
0x00007ffaa558c610:   44 0f b6 c1 48 8d 0c 10 48 f7 d0 4c 03 c1 48 c1
0x00007ffaa558c620:   e8 03 49 c1 e8 03 41 23 c0 c3 49 8b 00 49 8b c8
0x00007ffaa558c630:   48 ff a0 00 01 00 00 cc cc cc cc cc cc cc cc cc
0x00007ffaa558c640:   8b 44 24 30 45 03 c9 44 2b 4c 24 28 83 c0 0b 44
0x00007ffaa558c650:   03 ca 45 03 c8 41 03 c1 c3 cc cc cc cc cc cc cc
0x00007ffaa558c660:   4c 8b ca 48 8b d1 45 8b 41 08 45 85 c0 7e 0e 41
0x00007ffaa558c670:   f6 c0 01 75 56 41 c1 f8 03 41 8b c0 c3 79 4c 80
0x00007ffaa558c680:   3d 12 fe b7 00 00 b8 0c 00 00 00 b9 10 00 00 00
0x00007ffaa558c690:   0f 45 c8 8b 05 ab 4b b1 00 ff c8 48 98 48 63 14
0x00007ffaa558c6a0:   11 41 8b c8 83 e1 3f 48 d3 e2 41 8b c8 48 c1 f9
0x00007ffaa558c6b0:   10 44 0f b6 c1 48 8d 0c 10 48 f7 d0 4c 03 c1 48
0x00007ffaa558c6c0:   c1 e8 03 49 c1 e8 03 41 23 c0 c3 49 8b 01 49 8b
0x00007ffaa558c6d0:   c9 48 ff a0 00 01 00 00 cc cc cc cc cc cc cc cc
0x00007ffaa558c6e0:   48 8b 41 08 0f b7 48 2a 0f b7 40 28 83 c0 48 03
0x00007ffaa558c6f0:   c1 c3 cc cc cc cc cc cc cc cc cc cc cc cc cc cc
0x00007ffaa558c700:   48 89 5c 24 08 57 48 83 ec 20 0f b6 05 5f ea bb
0x00007ffaa558c710:   00 48 8b fa 48 8b d9 84 c0 74 4f 48 85 15 66 e2
0x00007ffaa558c720:   bb 00 74 38 48 8b ca e8 84 eb 85 00 48 8b d0 48 


Stack slot to memory mapping:
stack at sp + 0 slots: 0x00007ffaa5c36f52 jvm.dll
stack at sp + 1 slots: 0x00000000cc6fcbd8 is an oop: [C 
{0x00000000cc6fcbd8} - klass: {type array char}
 - length: 84
stack at sp + 2 slots: 0x0000000000000017 is an unknown value
stack at sp + 3 slots: 0x00000000c9932e60 is an oop: [[C 
{0x00000000c9932e60} - klass: {type array char}[]
 - length: 884733
stack at sp + 4 slots: 0x00007ffa00086000 is an unknown value
stack at sp + 5 slots: 0x00000000c9b49a04 is pointing into object: [[C 
{0x00000000c9932e60} - klass: {type array char}[]
 - length: 884733
stack at sp + 6 slots: 0x00007ffaa5c3698b jvm.dll
stack at sp + 7 slots: 0x0000017b08756d00 points into unknown readable memory: 0x0000017b1c454f70 | 70 4f 45 1c 7b 01 00 00


---------------  P R O C E S S  ---------------

Threads class SMR info:
_java_thread_list=0x0000017b24496850, length=37, elements={
0x0000017b086adec0, 0x0000017b0875a650, 0x0000017b0875dd00, 0x0000017b1c515270,
0x0000017b1c516000, 0x0000017b1c518d90, 0x0000017b1c51a760, 0x0000017b1c51d860,
0x0000017b216b2460, 0x0000017b216b5130, 0x0000017b08712ad0, 0x0000017b2195b270,
0x0000017b220c59c0, 0x0000017b220b31e0, 0x0000017b21c6ab20, 0x0000017b21874b80,
0x0000017b226f19e0, 0x0000017b2226d5e0, 0x0000017b22269e30, 0x0000017b2226a850,
0x0000017b2226a340, 0x0000017b2226ad60, 0x0000017b2226d0d0, 0x0000017b2226b270,
0x0000017b2226b780, 0x0000017b2226bc90, 0x0000017b2226c1a0, 0x0000017b23d6e160,
0x0000017b23d69a80, 0x0000017b23d6c810, 0x0000017b23d69570, 0x0000017b23d6a9b0,
0x0000017b23d69f90, 0x0000017b23d6d740, 0x0000017b23d6b3d0, 0x0000017b23d6dc50,
0x0000017b21e50940
}

Java Threads: ( => current thread )
  0x0000017b086adec0 JavaThread "main" [_thread_blocked, id=10032, stack(0x0000004856600000,0x0000004856700000)]
  0x0000017b0875a650 JavaThread "Reference Handler" daemon [_thread_blocked, id=9500, stack(0x0000004856900000,0x0000004856a00000)]
  0x0000017b0875dd00 JavaThread "Finalizer" daemon [_thread_blocked, id=13612, stack(0x0000004856a00000,0x0000004856b00000)]
  0x0000017b1c515270 JavaThread "Signal Dispatcher" daemon [_thread_blocked, id=9180, stack(0x0000004856b00000,0x0000004856c00000)]
  0x0000017b1c516000 JavaThread "Attach Listener" daemon [_thread_blocked, id=13700, stack(0x0000004856c00000,0x0000004856d00000)]
  0x0000017b1c518d90 JavaThread "Service Thread" daemon [_thread_blocked, id=14684, stack(0x0000004856d00000,0x0000004856e00000)]
  0x0000017b1c51a760 JavaThread "Monitor Deflation Thread" daemon [_thread_blocked, id=9652, stack(0x0000004856e00000,0x0000004856f00000)]
  0x0000017b1c51d860 JavaThread "C2 CompilerThread0" daemon [_thread_blocked, id=3596, stack(0x0000004856f00000,0x0000004857000000)]
  0x0000017b216b2460 JavaThread "C1 CompilerThread0" daemon [_thread_blocked, id=10192, stack(0x0000004857000000,0x0000004857100000)]
  0x0000017b216b5130 JavaThread "Sweeper thread" daemon [_thread_blocked, id=11452, stack(0x0000004857100000,0x0000004857200000)]
  0x0000017b08712ad0 JavaThread "Common-Cleaner" daemon [_thread_blocked, id=6212, stack(0x0000004857200000,0x0000004857300000)]
  0x0000017b2195b270 JavaThread "Notification Thread" daemon [_thread_blocked, id=1472, stack(0x0000004857400000,0x0000004857500000)]
  0x0000017b220c59c0 JavaThread "Active Thread: Equinox Container: 42ea5d11-5a92-4f3a-9e08-b5bca1e49c40" [_thread_blocked, id=11440, stack(0x0000004857900000,0x0000004857a00000)]
  0x0000017b220b31e0 JavaThread "Refresh Thread: Equinox Container: 42ea5d11-5a92-4f3a-9e08-b5bca1e49c40" daemon [_thread_blocked, id=5932, stack(0x0000004857300000,0x0000004857400000)]
  0x0000017b21c6ab20 JavaThread "Framework Event Dispatcher: Equinox Container: 42ea5d11-5a92-4f3a-9e08-b5bca1e49c40" daemon [_thread_blocked, id=8404, stack(0x0000004857a00000,0x0000004857b00000)]
  0x0000017b21874b80 JavaThread "Start Level: Equinox Container: 42ea5d11-5a92-4f3a-9e08-b5bca1e49c40" daemon [_thread_blocked, id=13540, stack(0x0000004857b00000,0x0000004857c00000)]
  0x0000017b226f19e0 JavaThread "Bundle File Closer" daemon [_thread_blocked, id=11848, stack(0x0000004857d00000,0x0000004857e00000)]
  0x0000017b2226d5e0 JavaThread "SCR Component Actor" daemon [_thread_blocked, id=6804, stack(0x0000004857c00000,0x0000004857d00000)]
  0x0000017b22269e30 JavaThread "Worker-JM" [_thread_blocked, id=10488, stack(0x0000004858000000,0x0000004858100000)]
  0x0000017b2226a850 JavaThread "JNA Cleaner" daemon [_thread_blocked, id=3748, stack(0x0000004858100000,0x0000004858200000)]
  0x0000017b2226a340 JavaThread "Worker-0" [_thread_blocked, id=8056, stack(0x0000004858200000,0x0000004858300000)]
  0x0000017b2226ad60 JavaThread "Worker-1" [_thread_blocked, id=12064, stack(0x0000004858300000,0x0000004858400000)]
  0x0000017b2226d0d0 JavaThread "Java indexing" daemon [_thread_blocked, id=4764, stack(0x0000004858400000,0x0000004858500000)]
  0x0000017b2226b270 JavaThread "Thread-2" daemon [_thread_in_native, id=13772, stack(0x0000004858700000,0x0000004858800000)]
  0x0000017b2226b780 JavaThread "Thread-3" daemon [_thread_in_native, id=6624, stack(0x0000004858800000,0x0000004858900000)]
  0x0000017b2226bc90 JavaThread "Thread-4" daemon [_thread_in_native, id=9464, stack(0x0000004858900000,0x0000004858a00000)]
  0x0000017b2226c1a0 JavaThread "Thread-5" daemon [_thread_in_native, id=10880, stack(0x0000004858a00000,0x0000004858b00000)]
  0x0000017b23d6e160 JavaThread "Thread-6" daemon [_thread_in_native, id=13732, stack(0x0000004858b00000,0x0000004858c00000)]
  0x0000017b23d69a80 JavaThread "Worker-2" [_thread_blocked, id=11784, stack(0x0000004858c00000,0x0000004858d00000)]
  0x0000017b23d6c810 JavaThread "pool-2-thread-1" [_thread_blocked, id=3620, stack(0x0000004858d00000,0x0000004858e00000)]
  0x0000017b23d69570 JavaThread "WorkspaceEventsHandler" [_thread_blocked, id=13484, stack(0x0000004858e00000,0x0000004858f00000)]
  0x0000017b23d6a9b0 JavaThread "pool-1-thread-1" [_thread_blocked, id=7608, stack(0x0000004858f00000,0x0000004859000000)]
  0x0000017b23d69f90 JavaThread "Worker-3: Java indexing... " [_thread_blocked, id=6128, stack(0x0000004859000000,0x0000004859100000)]
  0x0000017b23d6d740 JavaThread "Worker-4" [_thread_blocked, id=15024, stack(0x0000004859100000,0x0000004859200000)]
  0x0000017b23d6b3d0 JavaThread "Worker-5: Building" [_thread_in_native, id=2864, stack(0x0000004859200000,0x0000004859300000)]
  0x0000017b23d6dc50 JavaThread "Worker-6" [_thread_blocked, id=4504, stack(0x0000004859300000,0x0000004859400000)]
  0x0000017b21e50940 JavaThread "C2 CompilerThread1" daemon [_thread_blocked, id=15304, stack(0x0000004857e00000,0x0000004857f00000)]

Other Threads:
  0x0000017b1c4da840 VMThread "VM Thread" [stack: 0x0000004856800000,0x0000004856900000] [id=10832]
  0x0000017b21957580 WatcherThread [stack: 0x0000004857500000,0x0000004857600000] [id=6052]
=>0x0000017b086c6750 GCTaskThread "GC Thread#0" [stack: 0x0000004856700000,0x0000004856800000] [id=5324]
  0x0000017b21ef78a0 GCTaskThread "GC Thread#1" [stack: 0x0000004857600000,0x0000004857700000] [id=1060]
  0x0000017b21ef7f70 GCTaskThread "GC Thread#2" [stack: 0x0000004857700000,0x0000004857800000] [id=14096]
  0x0000017b21ef8230 GCTaskThread "GC Thread#3" [stack: 0x0000004857800000,0x0000004857900000] [id=15092]

Threads with active compile tasks:
C2 CompilerThread1    25616 7801   !   4       org.eclipse.jdt.internal.core.search.indexing.BinaryIndexer::indexDocument (1157 bytes)

VM state: at safepoint (normal execution)

VM Mutex/Monitor currently owned by a thread:  ([mutex/lock_event])
[0x0000017b086aa2b0] Threads_lock - owner thread: 0x0000017b1c4da840
[0x0000017b086ab030] Heap_lock - owner thread: 0x0000017b2226d0d0

Heap address: 0x00000000c0000000, size: 1024 MB, Compressed Oops mode: 32-bit

CDS archive(s) not mapped
Compressed class space mapped at: 0x0000000100000000-0x0000000140000000, reserved size: 1073741824
Narrow klass base: 0x0000000000000000, Narrow klass shift: 3, Narrow klass range: 0x140000000

GC Precious Log:
 CPUs: 4 total, 4 available
 Memory: 12180M
 Large Page Support: Disabled
 NUMA Support: Disabled
 Compressed Oops: Enabled (32-bit)
 Alignments: Space 512K, Generation 512K, Heap 2M
 Heap Min Capacity: 100M
 Heap Initial Capacity: 100M
 Heap Max Capacity: 1G
 Pre-touch: Disabled
 Parallel Workers: 4

Heap:
 PSYoungGen      total 36864K, used 36855K [0x00000000eab00000, 0x00000000eeb00000, 0x0000000100000000)
  eden space 26112K, 100% used [0x00000000eab00000,0x00000000ec480000,0x00000000ec480000)
  from space 10752K, 99% used [0x00000000ec480000,0x00000000ecefde68,0x00000000ecf00000)
  to   space 18432K, 0% used [0x00000000ed900000,0x00000000ed900000,0x00000000eeb00000)
 ParOldGen       total 243200K, used 240721K [0x00000000c0000000, 0x00000000ced80000, 0x00000000eab00000)
  object space 243200K, 98% used [0x00000000c0000000,0x00000000ceb14548,0x00000000ced80000)
 Metaspace       used 59934K, committed 60992K, reserved 1114112K
  class space    used 6499K, committed 6976K, reserved 1048576K

Card table byte_map: [0x0000017b08040000,0x0000017b08250000] _byte_map_base: 0x0000017b07a40000

Marking Bits: (ParMarkBitMap*) 0x00007ffaa6126940
 Begin Bits: [0x0000017b1a340000, 0x0000017b1b340000)
 End Bits:   [0x0000017b1b340000, 0x0000017b1c340000)

Polling page: 0x0000017b065f0000

Metaspace:

Usage:
  Non-class:     52.18 MB used.
      Class:      6.35 MB used.
       Both:     58.53 MB used.

Virtual space:
  Non-class space:       64.00 MB reserved,      52.75 MB ( 82%) committed,  1 nodes.
      Class space:        1.00 GB reserved,       6.81 MB ( <1%) committed,  1 nodes.
             Both:        1.06 GB reserved,      59.56 MB (  5%) committed. 

Chunk freelists:
   Non-Class:  11.08 MB
       Class:  9.07 MB
        Both:  20.15 MB

MaxMetaspaceSize: unlimited
CompressedClassSpaceSize: 1.00 GB
Initial GC threshold: 21.00 MB
Current GC threshold: 99.31 MB
CDS: off
MetaspaceReclaimPolicy: balanced
 - commit_granule_bytes: 65536.
 - commit_granule_words: 8192.
 - virtual_space_node_default_size: 8388608.
 - enlarge_chunks_in_place: 1.
 - new_chunks_are_fully_committed: 0.
 - uncommit_free_chunks: 1.
 - use_allocation_guard: 0.
 - handle_deallocations: 1.


Internal statistics:

num_allocs_failed_limit: 9.
num_arena_births: 768.
num_arena_deaths: 14.
num_vsnodes_births: 2.
num_vsnodes_deaths: 0.
num_space_committed: 953.
num_space_uncommitted: 0.
num_chunks_returned_to_freelist: 23.
num_chunks_taken_from_freelist: 3032.
num_chunk_merges: 14.
num_chunk_splits: 1835.
num_chunks_enlarged: 997.
num_inconsistent_stats: 0.

CodeHeap 'non-profiled nmethods': size=120000Kb used=4270Kb max_used=4822Kb free=115729Kb
 bounds [0x0000017b12e10000, 0x0000017b132d0000, 0x0000017b1a340000]
CodeHeap 'profiled nmethods': size=120000Kb used=12062Kb max_used=14368Kb free=107937Kb
 bounds [0x0000017b0b340000, 0x0000017b0c150000, 0x0000017b12870000]
CodeHeap 'non-nmethods': size=5760Kb used=1357Kb max_used=1458Kb free=4402Kb
 bounds [0x0000017b12870000, 0x0000017b12ae0000, 0x0000017b12e10000]
 total_blobs=7022 nmethods=6326 adapters=609
 compilation: enabled
              stopped_count=0, restarted_count=0
 full_count=0

Compilation events (20 events):
Event: 25.250 Thread 0x0000017b1c51d860 nmethod 7789 0x0000017b13057990 code [0x0000017b13057b20, 0x0000017b13057bc8]
Event: 25.250 Thread 0x0000017b1c51d860 7791       4       java.net.URI$Parser::parseHierarchical (178 bytes)
Event: 25.263 Thread 0x0000017b1c51d860 nmethod 7791 0x0000017b13265110 code [0x0000017b13265340, 0x0000017b132660b0]
Event: 25.299 Thread 0x0000017b1c51d860 7793       4       java.net.URI::toString (60 bytes)
Event: 25.320 Thread 0x0000017b1c51d860 nmethod 7793 0x0000017b1318da90 code [0x0000017b1318dd60, 0x0000017b1318f938]
Event: 25.320 Thread 0x0000017b1c51d860 7795       4       java.net.URI::checkPath (38 bytes)
Event: 25.320 Thread 0x0000017b21e50940 7796       4       java.net.URI::<init> (51 bytes)
Event: 25.326 Thread 0x0000017b1c51d860 nmethod 7795 0x0000017b12e2b010 code [0x0000017b12e2b1a0, 0x0000017b12e2b298]
Event: 25.326 Thread 0x0000017b1c51d860 7797       4       java.net.URI::<init> (13 bytes)
Event: 25.328 Thread 0x0000017b21e50940 nmethod 7796 0x0000017b12e38a10 code [0x0000017b12e38bc0, 0x0000017b12e38e18]
Event: 25.328 Thread 0x0000017b21e50940 7794       4       java.net.URI::appendAuthority (269 bytes)
Event: 25.328 Thread 0x0000017b1c51d860 nmethod 7797 0x0000017b130c3910 code [0x0000017b130c3ac0, 0x0000017b130c3d18]
Event: 25.330 Thread 0x0000017b21e50940 nmethod 7794 0x0000017b1305a910 code [0x0000017b1305ab20, 0x0000017b1305aee8]
Event: 25.356 Thread 0x0000017b21e50940 7798   !   4       org.eclipse.jdt.internal.core.search.JavaSearchDocument::getByteContents (41 bytes)
Event: 25.356 Thread 0x0000017b1c51d860 7799   !   4       org.eclipse.jdt.internal.core.search.indexing.BinaryIndexer::toUri (51 bytes)
Event: 25.356 Thread 0x0000017b21e50940 nmethod 7798 0x0000017b130d8110 code [0x0000017b130d8280, 0x0000017b130d8318]
Event: 25.373 Thread 0x0000017b1c51d860 nmethod 7799 0x0000017b131edc10 code [0x0000017b131ede00, 0x0000017b131ee8d8]
Event: 25.381 Thread 0x0000017b1c51d860 7800       4       org.eclipse.jdt.internal.compiler.parser.Scanner::internalScanIdentifierOrKeyword (4943 bytes)
Event: 25.410 Thread 0x0000017b1c51d860 nmethod 7800 0x0000017b12ea7290 code [0x0000017b12ea7600, 0x0000017b12ea90e0]
Event: 25.422 Thread 0x0000017b21e50940 7801   !   4       org.eclipse.jdt.internal.core.search.indexing.BinaryIndexer::indexDocument (1157 bytes)

GC Heap History (20 events):
Event: 24.920 GC heap after
{Heap after GC invocations=125 (full 9):
 PSYoungGen      total 20480K, used 4915K [0x00000000eab00000, 0x00000000ec500000, 0x0000000100000000)
  eden space 15360K, 0% used [0x00000000eab00000,0x00000000eab00000,0x00000000eba00000)
  from space 5120K, 96% used [0x00000000ec000000,0x00000000ec4ccdb0,0x00000000ec500000)
  to   space 5632K, 0% used [0x00000000eba00000,0x00000000eba00000,0x00000000ebf80000)
 ParOldGen       total 243200K, used 206447K [0x00000000c0000000, 0x00000000ced80000, 0x00000000eab00000)
  object space 243200K, 84% used [0x00000000c0000000,0x00000000cc99be08,0x00000000ced80000)
 Metaspace       used 59934K, committed 60992K, reserved 1114112K
  class space    used 6499K, committed 6976K, reserved 1048576K
}
Event: 24.967 GC heap before
{Heap before GC invocations=126 (full 9):
 PSYoungGen      total 20480K, used 20275K [0x00000000eab00000, 0x00000000ec500000, 0x0000000100000000)
  eden space 15360K, 100% used [0x00000000eab00000,0x00000000eba00000,0x00000000eba00000)
  from space 5120K, 96% used [0x00000000ec000000,0x00000000ec4ccdb0,0x00000000ec500000)
  to   space 5632K, 0% used [0x00000000eba00000,0x00000000eba00000,0x00000000ebf80000)
 ParOldGen       total 243200K, used 206447K [0x00000000c0000000, 0x00000000ced80000, 0x00000000eab00000)
  object space 243200K, 84% used [0x00000000c0000000,0x00000000cc99be08,0x00000000ced80000)
 Metaspace       used 59934K, committed 60992K, reserved 1114112K
  class space    used 6499K, committed 6976K, reserved 1048576K
}
Event: 24.971 GC heap after
{Heap after GC invocations=126 (full 9):
 PSYoungGen      total 20992K, used 5606K [0x00000000eab00000, 0x00000000ecd80000, 0x0000000100000000)
  eden space 15360K, 0% used [0x00000000eab00000,0x00000000eab00000,0x00000000eba00000)
  from space 5632K, 99% used [0x00000000eba00000,0x00000000ebf79b00,0x00000000ebf80000)
  to   space 9216K, 0% used [0x00000000ec480000,0x00000000ec480000,0x00000000ecd80000)
 ParOldGen       total 243200K, used 209005K [0x00000000c0000000, 0x00000000ced80000, 0x00000000eab00000)
  object space 243200K, 85% used [0x00000000c0000000,0x00000000ccc1b660,0x00000000ced80000)
 Metaspace       used 59934K, committed 60992K, reserved 1114112K
  class space    used 6499K, committed 6976K, reserved 1048576K
}
Event: 25.008 GC heap before
{Heap before GC invocations=127 (full 9):
 PSYoungGen      total 20992K, used 20966K [0x00000000eab00000, 0x00000000ecd80000, 0x0000000100000000)
  eden space 15360K, 100% used [0x00000000eab00000,0x00000000eba00000,0x00000000eba00000)
  from space 5632K, 99% used [0x00000000eba00000,0x00000000ebf79b00,0x00000000ebf80000)
  to   space 9216K, 0% used [0x00000000ec480000,0x00000000ec480000,0x00000000ecd80000)
 ParOldGen       total 243200K, used 209005K [0x00000000c0000000, 0x00000000ced80000, 0x00000000eab00000)
  object space 243200K, 85% used [0x00000000c0000000,0x00000000ccc1b660,0x00000000ced80000)
 Metaspace       used 59934K, committed 60992K, reserved 1114112K
  class space    used 6499K, committed 6976K, reserved 1048576K
}
Event: 25.012 GC heap after
{Heap after GC invocations=127 (full 9):
 PSYoungGen      total 23040K, used 5638K [0x00000000eab00000, 0x00000000eca80000, 0x0000000100000000)
  eden space 16896K, 0% used [0x00000000eab00000,0x00000000eab00000,0x00000000ebb80000)
  from space 6144K, 91% used [0x00000000ec480000,0x00000000eca01868,0x00000000eca80000)
  to   space 6656K, 0% used [0x00000000ebd80000,0x00000000ebd80000,0x00000000ec400000)
 ParOldGen       total 243200K, used 212230K [0x00000000c0000000, 0x00000000ced80000, 0x00000000eab00000)
  object space 243200K, 87% used [0x00000000c0000000,0x00000000ccf418b8,0x00000000ced80000)
 Metaspace       used 59934K, committed 60992K, reserved 1114112K
  class space    used 6499K, committed 6976K, reserved 1048576K
}
Event: 25.051 GC heap before
{Heap before GC invocations=128 (full 9):
 PSYoungGen      total 23040K, used 22534K [0x00000000eab00000, 0x00000000eca80000, 0x0000000100000000)
  eden space 16896K, 100% used [0x00000000eab00000,0x00000000ebb80000,0x00000000ebb80000)
  from space 6144K, 91% used [0x00000000ec480000,0x00000000eca01868,0x00000000eca80000)
  to   space 6656K, 0% used [0x00000000ebd80000,0x00000000ebd80000,0x00000000ec400000)
 ParOldGen       total 243200K, used 212230K [0x00000000c0000000, 0x00000000ced80000, 0x00000000eab00000)
  object space 243200K, 87% used [0x00000000c0000000,0x00000000ccf418b8,0x00000000ced80000)
 Metaspace       used 59934K, committed 60992K, reserved 1114112K
  class space    used 6499K, committed 6976K, reserved 1048576K
}
Event: 25.055 GC heap after
{Heap after GC invocations=128 (full 9):
 PSYoungGen      total 25088K, used 6626K [0x00000000eab00000, 0x00000000ed000000, 0x0000000100000000)
  eden space 18432K, 0% used [0x00000000eab00000,0x00000000eab00000,0x00000000ebd00000)
  from space 6656K, 99% used [0x00000000ebd80000,0x00000000ec3f8940,0x00000000ec400000)
  to   space 9728K, 0% used [0x00000000ec680000,0x00000000ec680000,0x00000000ed000000)
 ParOldGen       total 243200K, used 214510K [0x00000000c0000000, 0x00000000ced80000, 0x00000000eab00000)
  object space 243200K, 88% used [0x00000000c0000000,0x00000000cd17bb38,0x00000000ced80000)
 Metaspace       used 59934K, committed 60992K, reserved 1114112K
  class space    used 6499K, committed 6976K, reserved 1048576K
}
Event: 25.104 GC heap before
{Heap before GC invocations=129 (full 9):
 PSYoungGen      total 25088K, used 25058K [0x00000000eab00000, 0x00000000ed000000, 0x0000000100000000)
  eden space 18432K, 100% used [0x00000000eab00000,0x00000000ebd00000,0x00000000ebd00000)
  from space 6656K, 99% used [0x00000000ebd80000,0x00000000ec3f8940,0x00000000ec400000)
  to   space 9728K, 0% used [0x00000000ec680000,0x00000000ec680000,0x00000000ed000000)
 ParOldGen       total 243200K, used 214510K [0x00000000c0000000, 0x00000000ced80000, 0x00000000eab00000)
  object space 243200K, 88% used [0x00000000c0000000,0x00000000cd17bb38,0x00000000ced80000)
 Metaspace       used 59934K, committed 60992K, reserved 1114112K
  class space    used 6499K, committed 6976K, reserved 1048576K
}
Event: 25.109 GC heap after
{Heap after GC invocations=129 (full 9):
 PSYoungGen      total 27136K, used 6902K [0x00000000eab00000, 0x00000000ecd80000, 0x0000000100000000)
  eden space 19968K, 0% used [0x00000000eab00000,0x00000000eab00000,0x00000000ebe80000)
  from space 7168K, 96% used [0x00000000ec680000,0x00000000ecd3d800,0x00000000ecd80000)
  to   space 7680K, 0% used [0x00000000ebe80000,0x00000000ebe80000,0x00000000ec600000)
 ParOldGen       total 243200K, used 218225K [0x00000000c0000000, 0x00000000ced80000, 0x00000000eab00000)
  object space 243200K, 89% used [0x00000000c0000000,0x00000000cd51c730,0x00000000ced80000)
 Metaspace       used 59934K, committed 60992K, reserved 1114112K
  class space    used 6499K, committed 6976K, reserved 1048576K
}
Event: 25.169 GC heap before
{Heap before GC invocations=130 (full 9):
 PSYoungGen      total 27136K, used 26870K [0x00000000eab00000, 0x00000000ecd80000, 0x0000000100000000)
  eden space 19968K, 100% used [0x00000000eab00000,0x00000000ebe80000,0x00000000ebe80000)
  from space 7168K, 96% used [0x00000000ec680000,0x00000000ecd3d800,0x00000000ecd80000)
  to   space 7680K, 0% used [0x00000000ebe80000,0x00000000ebe80000,0x00000000ec600000)
 ParOldGen       total 243200K, used 218225K [0x00000000c0000000, 0x00000000ced80000, 0x00000000eab00000)
  object space 243200K, 89% used [0x00000000c0000000,0x00000000cd51c730,0x00000000ced80000)
 Metaspace       used 59934K, committed 60992K, reserved 1114112K
  class space    used 6499K, committed 6976K, reserved 1048576K
}
Event: 25.173 GC heap after
{Heap after GC invocations=130 (full 9):
 PSYoungGen      total 27648K, used 7662K [0x00000000eab00000, 0x00000000ed800000, 0x0000000100000000)
  eden space 19968K, 0% used [0x00000000eab00000,0x00000000eab00000,0x00000000ebe80000)
  from space 7680K, 99% used [0x00000000ebe80000,0x00000000ec5fb858,0x00000000ec600000)
  to   space 12288K, 0% used [0x00000000ecc00000,0x00000000ecc00000,0x00000000ed800000)
 ParOldGen       total 243200K, used 221817K [0x00000000c0000000, 0x00000000ced80000, 0x00000000eab00000)
  object space 243200K, 91% used [0x00000000c0000000,0x00000000cd89e498,0x00000000ced80000)
 Metaspace       used 59934K, committed 60992K, reserved 1114112K
  class space    used 6499K, committed 6976K, reserved 1048576K
}
Event: 25.231 GC heap before
{Heap before GC invocations=131 (full 9):
 PSYoungGen      total 27648K, used 27630K [0x00000000eab00000, 0x00000000ed800000, 0x0000000100000000)
  eden space 19968K, 100% used [0x00000000eab00000,0x00000000ebe80000,0x00000000ebe80000)
  from space 7680K, 99% used [0x00000000ebe80000,0x00000000ec5fb858,0x00000000ec600000)
  to   space 12288K, 0% used [0x00000000ecc00000,0x00000000ecc00000,0x00000000ed800000)
 ParOldGen       total 243200K, used 221817K [0x00000000c0000000, 0x00000000ced80000, 0x00000000eab00000)
  object space 243200K, 91% used [0x00000000c0000000,0x00000000cd89e498,0x00000000ced80000)
 Metaspace       used 59934K, committed 60992K, reserved 1114112K
  class space    used 6499K, committed 6976K, reserved 1048576K
}
Event: 25.238 GC heap after
{Heap after GC invocations=131 (full 9):
 PSYoungGen      total 29696K, used 7253K [0x00000000eab00000, 0x00000000ed380000, 0x0000000100000000)
  eden space 22016K, 0% used [0x00000000eab00000,0x00000000eab00000,0x00000000ec080000)
  from space 7680K, 94% used [0x00000000ecc00000,0x00000000ed3155a0,0x00000000ed380000)
  to   space 8704K, 0% used [0x00000000ec280000,0x00000000ec280000,0x00000000ecb00000)
 ParOldGen       total 243200K, used 226317K [0x00000000c0000000, 0x00000000ced80000, 0x00000000eab00000)
  object space 243200K, 93% used [0x00000000c0000000,0x00000000cdd037a8,0x00000000ced80000)
 Metaspace       used 59934K, committed 60992K, reserved 1114112K
  class space    used 6499K, committed 6976K, reserved 1048576K
}
Event: 25.321 GC heap before
{Heap before GC invocations=132 (full 9):
 PSYoungGen      total 29696K, used 29269K [0x00000000eab00000, 0x00000000ed380000, 0x0000000100000000)
  eden space 22016K, 100% used [0x00000000eab00000,0x00000000ec080000,0x00000000ec080000)
  from space 7680K, 94% used [0x00000000ecc00000,0x00000000ed3155a0,0x00000000ed380000)
  to   space 8704K, 0% used [0x00000000ec280000,0x00000000ec280000,0x00000000ecb00000)
 ParOldGen       total 243200K, used 226317K [0x00000000c0000000, 0x00000000ced80000, 0x00000000eab00000)
  object space 243200K, 93% used [0x00000000c0000000,0x00000000cdd037a8,0x00000000ced80000)
 Metaspace       used 59934K, committed 60992K, reserved 1114112K
  class space    used 6499K, committed 6976K, reserved 1048576K
}
Event: 25.326 GC heap after
{Heap after GC invocations=132 (full 9):
 PSYoungGen      total 32768K, used 8695K [0x00000000eab00000, 0x00000000edc80000, 0x0000000100000000)
  eden space 24064K, 0% used [0x00000000eab00000,0x00000000eab00000,0x00000000ec280000)
  from space 8704K, 99% used [0x00000000ec280000,0x00000000ecafdec0,0x00000000ecb00000)
  to   space 13312K, 0% used [0x00000000ecf80000,0x00000000ecf80000,0x00000000edc80000)
 ParOldGen       total 243200K, used 229718K [0x00000000c0000000, 0x00000000ced80000, 0x00000000eab00000)
  object space 243200K, 94% used [0x00000000c0000000,0x00000000ce055a10,0x00000000ced80000)
 Metaspace       used 59934K, committed 60992K, reserved 1114112K
  class space    used 6499K, committed 6976K, reserved 1048576K
}
Event: 25.411 GC heap before
{Heap before GC invocations=133 (full 9):
 PSYoungGen      total 32768K, used 32759K [0x00000000eab00000, 0x00000000edc80000, 0x0000000100000000)
  eden space 24064K, 100% used [0x00000000eab00000,0x00000000ec280000,0x00000000ec280000)
  from space 8704K, 99% used [0x00000000ec280000,0x00000000ecafdec0,0x00000000ecb00000)
  to   space 13312K, 0% used [0x00000000ecf80000,0x00000000ecf80000,0x00000000edc80000)
 ParOldGen       total 243200K, used 229718K [0x00000000c0000000, 0x00000000ced80000, 0x00000000eab00000)
  object space 243200K, 94% used [0x00000000c0000000,0x00000000ce055a10,0x00000000ced80000)
 Metaspace       used 59934K, committed 60992K, reserved 1114112K
  class space    used 6499K, committed 6976K, reserved 1048576K
}
Event: 25.418 GC heap after
{Heap after GC invocations=133 (full 9):
 PSYoungGen      total 36352K, used 9612K [0x00000000eab00000, 0x00000000ed980000, 0x0000000100000000)
  eden space 26112K, 0% used [0x00000000eab00000,0x00000000eab00000,0x00000000ec480000)
  from space 10240K, 93% used [0x00000000ecf80000,0x00000000ed8e3038,0x00000000ed980000)
  to   space 10752K, 0% used [0x00000000ec480000,0x00000000ec480000,0x00000000ecf00000)
 ParOldGen       total 243200K, used 234714K [0x00000000c0000000, 0x00000000ced80000, 0x00000000eab00000)
  object space 243200K, 96% used [0x00000000c0000000,0x00000000ce536948,0x00000000ced80000)
 Metaspace       used 59934K, committed 60992K, reserved 1114112K
  class space    used 6499K, committed 6976K, reserved 1048576K
}
Event: 25.484 GC heap before
{Heap before GC invocations=134 (full 9):
 PSYoungGen      total 36352K, used 35724K [0x00000000eab00000, 0x00000000ed980000, 0x0000000100000000)
  eden space 26112K, 100% used [0x00000000eab00000,0x00000000ec480000,0x00000000ec480000)
  from space 10240K, 93% used [0x00000000ecf80000,0x00000000ed8e3038,0x00000000ed980000)
  to   space 10752K, 0% used [0x00000000ec480000,0x00000000ec480000,0x00000000ecf00000)
 ParOldGen       total 243200K, used 234714K [0x00000000c0000000, 0x00000000ced80000, 0x00000000eab00000)
  object space 243200K, 96% used [0x00000000c0000000,0x00000000ce536948,0x00000000ced80000)
 Metaspace       used 59934K, committed 60992K, reserved 1114112K
  class space    used 6499K, committed 6976K, reserved 1048576K
}
Event: 25.490 GC heap after
{Heap after GC invocations=134 (full 9):
 PSYoungGen      total 36864K, used 10743K [0x00000000eab00000, 0x00000000eeb00000, 0x0000000100000000)
  eden space 26112K, 0% used [0x00000000eab00000,0x00000000eab00000,0x00000000ec480000)
  from space 10752K, 99% used [0x00000000ec480000,0x00000000ecefde68,0x00000000ecf00000)
  to   space 18432K, 0% used [0x00000000ed900000,0x00000000ed900000,0x00000000eeb00000)
 ParOldGen       total 243200K, used 240721K [0x00000000c0000000, 0x00000000ced80000, 0x00000000eab00000)
  object space 243200K, 98% used [0x00000000c0000000,0x00000000ceb14548,0x00000000ced80000)
 Metaspace       used 59934K, committed 60992K, reserved 1114112K
  class space    used 6499K, committed 6976K, reserved 1048576K
}
Event: 25.556 GC heap before
{Heap before GC invocations=135 (full 10):
 PSYoungGen      total 36864K, used 36855K [0x00000000eab00000, 0x00000000eeb00000, 0x0000000100000000)
  eden space 26112K, 100% used [0x00000000eab00000,0x00000000ec480000,0x00000000ec480000)
  from space 10752K, 99% used [0x00000000ec480000,0x00000000ecefde68,0x00000000ecf00000)
  to   space 18432K, 0% used [0x00000000ed900000,0x00000000ed900000,0x00000000eeb00000)
 ParOldGen       total 243200K, used 240721K [0x00000000c0000000, 0x00000000ced80000, 0x00000000eab00000)
  object space 243200K, 98% used [0x00000000c0000000,0x00000000ceb14548,0x00000000ced80000)
 Metaspace       used 59934K, committed 60992K, reserved 1114112K
  class space    used 6499K, committed 6976K, reserved 1048576K
}

Dll operation events (12 events):
Event: 0.006 Loaded shared library c:\Users\thele\.vscode\extensions\redhat.java-1.38.0-win32-x64\jre\17.0.13-win32-x86_64\bin\java.dll
Event: 0.208 Loaded shared library c:\Users\thele\.vscode\extensions\redhat.java-1.38.0-win32-x64\jre\17.0.13-win32-x86_64\bin\zip.dll
Event: 0.217 Loaded shared library C:\Users\thele\.vscode\extensions\redhat.java-1.38.0-win32-x64\jre\17.0.13-win32-x86_64\bin\instrument.dll
Event: 0.236 Loaded shared library C:\Users\thele\.vscode\extensions\redhat.java-1.38.0-win32-x64\jre\17.0.13-win32-x86_64\bin\net.dll
Event: 0.237 Loaded shared library C:\Users\thele\.vscode\extensions\redhat.java-1.38.0-win32-x64\jre\17.0.13-win32-x86_64\bin\nio.dll
Event: 0.244 Loaded shared library C:\Users\thele\.vscode\extensions\redhat.java-1.38.0-win32-x64\jre\17.0.13-win32-x86_64\bin\zip.dll
Event: 0.291 Loaded shared library C:\Users\thele\.vscode\extensions\redhat.java-1.38.0-win32-x64\jre\17.0.13-win32-x86_64\bin\jimage.dll
Event: 0.351 Loaded shared library c:\Users\thele\.vscode\extensions\redhat.java-1.38.0-win32-x64\jre\17.0.13-win32-x86_64\bin\verify.dll
Event: 6.093 Loaded shared library C:\Users\thele\AppData\Roaming\Code\User\globalStorage\redhat.java\1.38.0\config_win\org.eclipse.equinox.launcher\org.eclipse.equinox.launcher.win32.win32.x86_64_1.2.1100.v20240722-2106\eclipse_11904.dll
Event: 15.549 Loaded shared library C:\Users\thele\AppData\Local\Temp\jna-110327210\jna787460839077277659.dll
Event: 17.212 Loaded shared library C:\Users\thele\.vscode\extensions\redhat.java-1.38.0-win32-x64\jre\17.0.13-win32-x86_64\bin\sunmscapi.dll
Event: 17.683 Loaded shared library C:\Users\thele\.vscode\extensions\redhat.java-1.38.0-win32-x64\jre\17.0.13-win32-x86_64\bin\extnet.dll

Deoptimization events (20 events):
Event: 24.938 Thread 0x0000017b2226d0d0 Uncommon trap: trap_request=0xffffffc6 fr.pc=0x0000017b131e6f40 relative=0x0000000000001400
Event: 24.938 Thread 0x0000017b2226d0d0 Uncommon trap: reason=bimorphic_or_optimized_type_check action=maybe_recompile pc=0x0000017b131e6f40 method=java.util.concurrent.ConcurrentHashMap.computeIfAbsent(Ljava/lang/Object;Ljava/util/function/Function;)Ljava/lang/Object; @ 323 c2
Event: 24.938 Thread 0x0000017b2226d0d0 DEOPT PACKING pc=0x0000017b131e6f40 sp=0x00000048584ff110
Event: 24.938 Thread 0x0000017b2226d0d0 DEOPT UNPACKING pc=0x0000017b128c66a3 sp=0x00000048584ff090 mode 2
Event: 24.951 Thread 0x0000017b2226d0d0 Uncommon trap: trap_request=0xffffffc6 fr.pc=0x0000017b131e6f40 relative=0x0000000000001400
Event: 24.951 Thread 0x0000017b2226d0d0 Uncommon trap: reason=bimorphic_or_optimized_type_check action=maybe_recompile pc=0x0000017b131e6f40 method=java.util.concurrent.ConcurrentHashMap.computeIfAbsent(Ljava/lang/Object;Ljava/util/function/Function;)Ljava/lang/Object; @ 323 c2
Event: 24.951 Thread 0x0000017b2226d0d0 DEOPT PACKING pc=0x0000017b131e6f40 sp=0x00000048584ff110
Event: 24.951 Thread 0x0000017b2226d0d0 DEOPT UNPACKING pc=0x0000017b128c66a3 sp=0x00000048584ff090 mode 2
Event: 25.142 Thread 0x0000017b2226d0d0 Uncommon trap: trap_request=0xffffff45 fr.pc=0x0000017b1328eba0 relative=0x0000000000002e00
Event: 25.142 Thread 0x0000017b2226d0d0 Uncommon trap: reason=unstable_if action=reinterpret pc=0x0000017b1328eba0 method=org.eclipse.jdt.internal.compiler.util.Util.isClassFileName(Ljava/lang/String;)Z @ 20 c2
Event: 25.142 Thread 0x0000017b2226d0d0 DEOPT PACKING pc=0x0000017b1328eba0 sp=0x00000048584ff1d0
Event: 25.142 Thread 0x0000017b2226d0d0 DEOPT UNPACKING pc=0x0000017b128c66a3 sp=0x00000048584ff090 mode 2
Event: 25.212 Thread 0x0000017b2226d0d0 Uncommon trap: trap_request=0xffffff45 fr.pc=0x0000017b132390f0 relative=0x0000000000000070
Event: 25.212 Thread 0x0000017b2226d0d0 Uncommon trap: reason=unstable_if action=reinterpret pc=0x0000017b132390f0 method=org.eclipse.jdt.internal.compiler.ast.TypeDeclaration.kind(I)I @ 5 c2
Event: 25.212 Thread 0x0000017b2226d0d0 DEOPT PACKING pc=0x0000017b132390f0 sp=0x00000048584ff040
Event: 25.212 Thread 0x0000017b2226d0d0 DEOPT UNPACKING pc=0x0000017b128c66a3 sp=0x00000048584fefc8 mode 2
Event: 25.212 Thread 0x0000017b2226d0d0 Uncommon trap: trap_request=0xffffff45 fr.pc=0x0000017b13257998 relative=0x0000000000006238
Event: 25.212 Thread 0x0000017b2226d0d0 Uncommon trap: reason=unstable_if action=reinterpret pc=0x0000017b13257998 method=org.eclipse.jdt.internal.core.search.indexing.BinaryIndexer.indexDocument()V @ 315 c2
Event: 25.212 Thread 0x0000017b2226d0d0 DEOPT PACKING pc=0x0000017b13257998 sp=0x00000048584ff060
Event: 25.212 Thread 0x0000017b2226d0d0 DEOPT UNPACKING pc=0x0000017b128c66a3 sp=0x00000048584fefd0 mode 2

Classes loaded (20 events):
Event: 19.320 Loading class sun/security/provider/MD5
Event: 19.355 Loading class sun/security/provider/MD5 done
Event: 19.362 Loading class sun/security/provider/ByteArrayAccess$LE
Event: 19.362 Loading class sun/security/provider/ByteArrayAccess$LE done
Event: 19.369 Loading class java/util/stream/MatchOps$MatchKind
Event: 19.369 Loading class java/util/stream/MatchOps$MatchKind done
Event: 19.369 Loading class java/util/stream/MatchOps
Event: 19.370 Loading class java/util/stream/MatchOps done
Event: 19.370 Loading class java/util/stream/MatchOps$MatchOp
Event: 19.370 Loading class java/util/stream/MatchOps$MatchOp done
Event: 19.370 Loading class java/util/stream/MatchOps$BooleanTerminalSink
Event: 19.370 Loading class java/util/stream/MatchOps$BooleanTerminalSink done
Event: 19.370 Loading class java/util/stream/MatchOps$1MatchSink
Event: 19.370 Loading class java/util/stream/MatchOps$1MatchSink done
Event: 23.142 Loading class sun/security/ssl/Alert
Event: 23.142 Loading class sun/security/ssl/Alert done
Event: 23.142 Loading class sun/security/ssl/Alert$AlertConsumer
Event: 23.142 Loading class sun/security/ssl/Alert$AlertConsumer done
Event: 23.142 Loading class sun/security/ssl/Alert$Level
Event: 23.142 Loading class sun/security/ssl/Alert$Level done

Classes unloaded (7 events):
Event: 16.448 Thread 0x0000017b1c4da840 Unloading class 0x0000000100258000 'java/lang/invoke/LambdaForm$MH+0x0000000100258000'
Event: 16.448 Thread 0x0000017b1c4da840 Unloading class 0x0000000100257c00 'java/lang/invoke/LambdaForm$MH+0x0000000100257c00'
Event: 16.448 Thread 0x0000017b1c4da840 Unloading class 0x0000000100257800 'java/lang/invoke/LambdaForm$MH+0x0000000100257800'
Event: 16.448 Thread 0x0000017b1c4da840 Unloading class 0x0000000100257400 'java/lang/invoke/LambdaForm$MH+0x0000000100257400'
Event: 16.448 Thread 0x0000017b1c4da840 Unloading class 0x0000000100257000 'java/lang/invoke/LambdaForm$BMH+0x0000000100257000'
Event: 16.448 Thread 0x0000017b1c4da840 Unloading class 0x0000000100256c00 'java/lang/invoke/LambdaForm$DMH+0x0000000100256c00'
Event: 16.448 Thread 0x0000017b1c4da840 Unloading class 0x0000000100254400 'java/lang/invoke/LambdaForm$DMH+0x0000000100254400'

Classes redefined (0 events):
No events

Internal exceptions (20 events):
Event: 18.159 Thread 0x0000017b23d69a80 Exception <a 'java/lang/NoSuchMethodError'{0x00000000eb4db540}: 'void java.lang.invoke.DirectMethodHandle$Holder.invokeStaticInit(java.lang.Object, java.lang.Object, java.lang.Object, java.lang.Object)'> (0x00000000eb4db540) 
thrown [s\src\hotspot\share\interpreter\linkResolver.cpp, line 759]
Event: 18.225 Thread 0x0000017b2226ad60 Exception <a 'java/io/FileNotFoundException'{0x00000000ead48860}> (0x00000000ead48860) 
thrown [s\src\hotspot\share\prims\jni.cpp, line 516]
Event: 18.225 Thread 0x0000017b2226ad60 Exception <a 'java/io/FileNotFoundException'{0x00000000ead4a050}> (0x00000000ead4a050) 
thrown [s\src\hotspot\share\prims\jni.cpp, line 516]
Event: 18.226 Thread 0x0000017b2226ad60 Exception <a 'java/lang/NoSuchMethodError'{0x00000000ead868a0}: 'java.lang.Object java.lang.invoke.DirectMethodHandle$Holder.newInvokeSpecial(java.lang.Object, java.lang.Object, java.lang.Object, int)'> (0x00000000ead868a0) 
thrown [s\src\hotspot\share\interpreter\linkResolver.cpp, line 759]
Event: 18.227 Thread 0x0000017b2226ad60 Exception <a 'java/lang/NoSuchMethodError'{0x00000000ead8ac50}: 'java.lang.Object java.lang.invoke.DirectMethodHandle$Holder.invokeSpecial(java.lang.Object, java.lang.Object, java.lang.Object, java.lang.Object, int)'> (0x00000000ead8ac50) 
thrown [s\src\hotspot\share\interpreter\linkResolver.cpp, line 759]
Event: 18.228 Thread 0x0000017b2226ad60 Exception <a 'java/lang/NoSuchMethodError'{0x00000000ead8e600}: 'java.lang.Object java.lang.invoke.Invokers$Holder.linkToTargetMethod(java.lang.Object, java.lang.Object, int, java.lang.Object)'> (0x00000000ead8e600) 
thrown [s\src\hotspot\share\interpreter\linkResolver.cpp, line 759]
Event: 18.230 Thread 0x0000017b2226ad60 Exception <a 'java/lang/NoSuchMethodError'{0x00000000ead9adc0}: 'void java.lang.invoke.DirectMethodHandle$Holder.invokeStaticInit(java.lang.Object, java.lang.Object, java.lang.Object)'> (0x00000000ead9adc0) 
thrown [s\src\hotspot\share\interpreter\linkResolver.cpp, line 759]
Event: 18.499 Thread 0x0000017b2226ad60 Exception <a 'java/io/FileNotFoundException'{0x00000000eb667c00}> (0x00000000eb667c00) 
thrown [s\src\hotspot\share\prims\jni.cpp, line 516]
Event: 18.499 Thread 0x0000017b2226ad60 Exception <a 'java/io/FileNotFoundException'{0x00000000eb668c38}> (0x00000000eb668c38) 
thrown [s\src\hotspot\share\prims\jni.cpp, line 516]
Event: 18.499 Thread 0x0000017b2226ad60 Exception <a 'java/io/FileNotFoundException'{0x00000000eb6699c0}> (0x00000000eb6699c0) 
thrown [s\src\hotspot\share\prims\jni.cpp, line 516]
Event: 18.502 Thread 0x0000017b2226a340 Exception <a 'java/lang/ExceptionInInitializerError'{0x00000000eb6c1ac8}> (0x00000000eb6c1ac8) 
thrown [s\src\hotspot\share\oops\instanceKlass.cpp, line 1218]
Event: 18.540 Thread 0x0000017b2226a340 Implicit null exception at 0x0000017b12f3b72f to 0x0000017b12f3b8bc
Event: 18.540 Thread 0x0000017b2226a340 Implicit null exception at 0x0000017b12ea7109 to 0x0000017b12ea8304
Event: 18.542 Thread 0x0000017b2226a340 Exception <a 'java/lang/NoSuchMethodError'{0x00000000ebc57bf0}: 'java.lang.Object java.lang.invoke.Invokers$Holder.invokeExact_MT(java.lang.Object, int, java.lang.Object)'> (0x00000000ebc57bf0) 
thrown [s\src\hotspot\share\interpreter\linkResolver.cpp, line 759]
Event: 18.624 Thread 0x0000017b23d6b3d0 Exception <a 'java/lang/NoSuchMethodError'{0x00000000eae8d1a8}: 'int java.lang.invoke.DirectMethodHandle$Holder.invokeSpecialIFC(java.lang.Object, java.lang.Object, java.lang.Object, java.lang.Object)'> (0x00000000eae8d1a8) 
thrown [s\src\hotspot\share\interpreter\linkResolver.cpp, line 759]
Event: 18.637 Thread 0x0000017b23d6b3d0 Exception <a 'sun/nio/fs/WindowsException'{0x00000000eaf39c48}> (0x00000000eaf39c48) 
thrown [s\src\hotspot\share\prims\jni.cpp, line 516]
Event: 18.637 Thread 0x0000017b23d6b3d0 Exception <a 'sun/nio/fs/WindowsException'{0x00000000eaf3a2a0}> (0x00000000eaf3a2a0) 
thrown [s\src\hotspot\share\prims\jni.cpp, line 516]
Event: 18.877 Thread 0x0000017b2226a340 Exception <a 'java/lang/NoClassDefFoundError'{0x00000000eb5ef770}: com/google/inject/servlet/ServletModuleTargetVisitor> (0x00000000eb5ef770) 
thrown [s\src\hotspot\share\classfile\systemDictionary.cpp, line 245]
Event: 19.727 Thread 0x0000017b2226d0d0 Implicit null exception at 0x0000017b13132a2c to 0x0000017b13132b1c
Event: 21.794 Thread 0x0000017b2226d0d0 Implicit null exception at 0x0000017b13209948 to 0x0000017b1320e3d8

VM Operations (20 events):
Event: 25.055 Executing VM operation: ParallelGCFailedAllocation done
Event: 25.104 Executing VM operation: ParallelGCFailedAllocation
Event: 25.109 Executing VM operation: ParallelGCFailedAllocation done
Event: 25.142 Executing VM operation: HandshakeAllThreads
Event: 25.143 Executing VM operation: HandshakeAllThreads done
Event: 25.169 Executing VM operation: ParallelGCFailedAllocation
Event: 25.173 Executing VM operation: ParallelGCFailedAllocation done
Event: 25.212 Executing VM operation: HandshakeAllThreads
Event: 25.212 Executing VM operation: HandshakeAllThreads done
Event: 25.231 Executing VM operation: ParallelGCFailedAllocation
Event: 25.238 Executing VM operation: ParallelGCFailedAllocation done
Event: 25.249 Executing VM operation: HandshakeAllThreads
Event: 25.249 Executing VM operation: HandshakeAllThreads done
Event: 25.321 Executing VM operation: ParallelGCFailedAllocation
Event: 25.326 Executing VM operation: ParallelGCFailedAllocation done
Event: 25.411 Executing VM operation: ParallelGCFailedAllocation
Event: 25.418 Executing VM operation: ParallelGCFailedAllocation done
Event: 25.484 Executing VM operation: ParallelGCFailedAllocation
Event: 25.490 Executing VM operation: ParallelGCFailedAllocation done
Event: 25.556 Executing VM operation: ParallelGCFailedAllocation

Memory protections (0 events):
No events

Nmethod flushes (20 events):
Event: 25.257 Thread 0x0000017b216b5130 flushing  nmethod 0x0000017b0c0b1710
Event: 25.257 Thread 0x0000017b216b5130 flushing  nmethod 0x0000017b0c0b1e90
Event: 25.257 Thread 0x0000017b216b5130 flushing  nmethod 0x0000017b0c0b2c90
Event: 25.257 Thread 0x0000017b216b5130 flushing  nmethod 0x0000017b0c0b3390
Event: 25.257 Thread 0x0000017b216b5130 flushing  nmethod 0x0000017b0c0b4790
Event: 25.257 Thread 0x0000017b216b5130 flushing  nmethod 0x0000017b0c0b8e90
Event: 25.257 Thread 0x0000017b216b5130 flushing  nmethod 0x0000017b0c0b9b90
Event: 25.257 Thread 0x0000017b216b5130 flushing  nmethod 0x0000017b0c0bb310
Event: 25.257 Thread 0x0000017b216b5130 flushing osr nmethod 0x0000017b0c0bba10
Event: 25.257 Thread 0x0000017b216b5130 flushing  nmethod 0x0000017b0c0bd190
Event: 25.257 Thread 0x0000017b216b5130 flushing  nmethod 0x0000017b0c0c4b10
Event: 25.257 Thread 0x0000017b216b5130 flushing  nmethod 0x0000017b0c0caa90
Event: 25.257 Thread 0x0000017b216b5130 flushing  nmethod 0x0000017b0c0cec10
Event: 25.257 Thread 0x0000017b216b5130 flushing  nmethod 0x0000017b0c0e1c10
Event: 25.257 Thread 0x0000017b216b5130 flushing  nmethod 0x0000017b0c0ec910
Event: 25.257 Thread 0x0000017b216b5130 flushing  nmethod 0x0000017b0c0f3c10
Event: 25.257 Thread 0x0000017b216b5130 flushing  nmethod 0x0000017b0c0f6e90
Event: 25.257 Thread 0x0000017b216b5130 flushing  nmethod 0x0000017b0c10d890
Event: 25.257 Thread 0x0000017b216b5130 flushing  nmethod 0x0000017b0c11ff90
Event: 25.257 Thread 0x0000017b216b5130 flushing  nmethod 0x0000017b0c124110

Events (20 events):
Event: 16.755 Thread 0x0000017b086adec0 Thread added: 0x0000017b2226b270
Event: 16.756 Thread 0x0000017b086adec0 Thread added: 0x0000017b2226b780
Event: 16.756 Thread 0x0000017b086adec0 Thread added: 0x0000017b2226bc90
Event: 16.756 Thread 0x0000017b086adec0 Thread added: 0x0000017b2226c1a0
Event: 16.756 Thread 0x0000017b086adec0 Thread added: 0x0000017b23d6e160
Event: 16.777 Thread 0x0000017b2226a340 Thread added: 0x0000017b23d69a80
Event: 16.780 Thread 0x0000017b086adec0 Thread added: 0x0000017b23d6c810
Event: 16.985 Thread 0x0000017b086adec0 Thread added: 0x0000017b23d69570
Event: 16.985 Thread 0x0000017b086adec0 Thread added: 0x0000017b23d6a9b0
Event: 17.151 Thread 0x0000017b23d69a80 Thread added: 0x0000017b23d69f90
Event: 17.198 Thread 0x0000017b23d69f90 Thread added: 0x0000017b23d6d740
Event: 17.206 Thread 0x0000017b23d6d740 Thread added: 0x0000017b23d6b3d0
Event: 17.237 Thread 0x0000017b23d6b3d0 Thread added: 0x0000017b23d6dc50
Event: 18.049 Thread 0x0000017b23d69a80 Thread added: 0x0000017b23d6a4a0
Event: 18.056 Thread 0x0000017b23d6a4a0 Thread exited: 0x0000017b23d6a4a0
Event: 18.122 Thread 0x0000017b23d69a80 Thread added: 0x0000017b23d6cd20
Event: 21.024 Thread 0x0000017b2226c6b0 Thread exited: 0x0000017b2226c6b0
Event: 23.142 Thread 0x0000017b21dc5a50 Thread exited: 0x0000017b21dc5a50
Event: 23.143 Thread 0x0000017b23d6cd20 Thread exited: 0x0000017b23d6cd20
Event: 25.320 Thread 0x0000017b1c51d860 Thread added: 0x0000017b21e50940


Dynamic libraries:
0x00007ff676220000 - 0x00007ff67622e000 	c:\Users\thele\.vscode\extensions\redhat.java-1.38.0-win32-x64\jre\17.0.13-win32-x86_64\bin\java.exe
0x00007ffb13890000 - 0x00007ffb13a88000 	C:\Windows\SYSTEM32\ntdll.dll
0x00007ffb13780000 - 0x00007ffb13842000 	C:\Windows\System32\KERNEL32.DLL
0x00007ffb11100000 - 0x00007ffb113ff000 	C:\Windows\System32\KERNELBASE.dll
0x00007ffb0d7d0000 - 0x00007ffb0d864000 	C:\Windows\SYSTEM32\apphelp.dll
0x00007ffb115a0000 - 0x00007ffb116a0000 	C:\Windows\System32\ucrtbase.dll
0x00007ffae86a0000 - 0x00007ffae86b7000 	c:\Users\thele\.vscode\extensions\redhat.java-1.38.0-win32-x64\jre\17.0.13-win32-x86_64\bin\jli.dll
0x00007ffb12360000 - 0x00007ffb124fd000 	C:\Windows\System32\USER32.dll
0x00007ffb110d0000 - 0x00007ffb110f2000 	C:\Windows\System32\win32u.dll
0x00007ffb12130000 - 0x00007ffb1215b000 	C:\Windows\System32\GDI32.dll
0x00007ffb10f20000 - 0x00007ffb11037000 	C:\Windows\System32\gdi32full.dll
0x00007ffb11800000 - 0x00007ffb1189d000 	C:\Windows\System32\msvcp_win.dll
0x00007ffade830000 - 0x00007ffade84e000 	c:\Users\thele\.vscode\extensions\redhat.java-1.38.0-win32-x64\jre\17.0.13-win32-x86_64\bin\VCRUNTIME140.dll
0x00007ffafda60000 - 0x00007ffafdcfa000 	C:\Windows\WinSxS\amd64_microsoft.windows.common-controls_6595b64144ccf1df_6.0.19041.4355_none_60b8b9eb71f62e16\COMCTL32.dll
0x00007ffb12da0000 - 0x00007ffb12e3e000 	C:\Windows\System32\msvcrt.dll
0x00007ffb118a0000 - 0x00007ffb118cf000 	C:\Windows\System32\IMM32.DLL
0x00007ffafb770000 - 0x00007ffafb77c000 	c:\Users\thele\.vscode\extensions\redhat.java-1.38.0-win32-x64\jre\17.0.13-win32-x86_64\bin\vcruntime140_1.dll
0x00007ffabb5e0000 - 0x00007ffabb66d000 	c:\Users\thele\.vscode\extensions\redhat.java-1.38.0-win32-x64\jre\17.0.13-win32-x86_64\bin\msvcp140.dll
0x00007ffaa5580000 - 0x00007ffaa61eb000 	c:\Users\thele\.vscode\extensions\redhat.java-1.38.0-win32-x64\jre\17.0.13-win32-x86_64\bin\server\jvm.dll
0x00007ffb13600000 - 0x00007ffb136b1000 	C:\Windows\System32\ADVAPI32.dll
0x00007ffb136e0000 - 0x00007ffb1377f000 	C:\Windows\System32\sechost.dll
0x00007ffb12e40000 - 0x00007ffb12f63000 	C:\Windows\System32\RPCRT4.dll
0x00007ffb11570000 - 0x00007ffb11597000 	C:\Windows\System32\bcrypt.dll
0x00007ffb12500000 - 0x00007ffb1256b000 	C:\Windows\System32\WS2_32.dll
0x00007ffb10460000 - 0x00007ffb104ab000 	C:\Windows\SYSTEM32\POWRPROF.dll
0x00007ffb04230000 - 0x00007ffb04257000 	C:\Windows\SYSTEM32\WINMM.dll
0x00007ffb09b70000 - 0x00007ffb09b7a000 	C:\Windows\SYSTEM32\VERSION.dll
0x00007ffb10320000 - 0x00007ffb10332000 	C:\Windows\SYSTEM32\UMPDC.dll
0x00007ffb0edc0000 - 0x00007ffb0edd2000 	C:\Windows\SYSTEM32\kernel.appcore.dll
0x00007ffafb180000 - 0x00007ffafb18a000 	c:\Users\thele\.vscode\extensions\redhat.java-1.38.0-win32-x64\jre\17.0.13-win32-x86_64\bin\jimage.dll
0x00007ffb09550000 - 0x00007ffb09734000 	C:\Windows\SYSTEM32\DBGHELP.DLL
0x00007ffb094a0000 - 0x00007ffb094d4000 	C:\Windows\SYSTEM32\dbgcore.DLL
0x00007ffb11040000 - 0x00007ffb110c2000 	C:\Windows\System32\bcryptPrimitives.dll
0x00007ffaf1170000 - 0x00007ffaf117e000 	c:\Users\thele\.vscode\extensions\redhat.java-1.38.0-win32-x64\jre\17.0.13-win32-x86_64\bin\instrument.dll
0x00007ffad1ab0000 - 0x00007ffad1ad5000 	c:\Users\thele\.vscode\extensions\redhat.java-1.38.0-win32-x64\jre\17.0.13-win32-x86_64\bin\java.dll
0x00007ffad06c0000 - 0x00007ffad06d8000 	c:\Users\thele\.vscode\extensions\redhat.java-1.38.0-win32-x64\jre\17.0.13-win32-x86_64\bin\zip.dll
0x00007ffb12630000 - 0x00007ffb12d9e000 	C:\Windows\System32\SHELL32.dll
0x00007ffb0efc0000 - 0x00007ffb0f764000 	C:\Windows\SYSTEM32\windows.storage.dll
0x00007ffb13210000 - 0x00007ffb13565000 	C:\Windows\System32\combase.dll
0x00007ffb10950000 - 0x00007ffb1097f000 	C:\Windows\SYSTEM32\Wldp.dll
0x00007ffb13090000 - 0x00007ffb1315d000 	C:\Windows\System32\OLEAUT32.dll
0x00007ffb11b10000 - 0x00007ffb11bbd000 	C:\Windows\System32\SHCORE.dll
0x00007ffb12570000 - 0x00007ffb125c5000 	C:\Windows\System32\shlwapi.dll
0x00007ffb10e50000 - 0x00007ffb10e74000 	C:\Windows\SYSTEM32\profapi.dll
0x00007ffad1bf0000 - 0x00007ffad1c09000 	C:\Users\thele\.vscode\extensions\redhat.java-1.38.0-win32-x64\jre\17.0.13-win32-x86_64\bin\net.dll
0x00007ffb0ac50000 - 0x00007ffb0ad5d000 	C:\Windows\SYSTEM32\WINHTTP.dll
0x00007ffb106b0000 - 0x00007ffb1071a000 	C:\Windows\system32\mswsock.dll
0x00007ffad1bd0000 - 0x00007ffad1be6000 	C:\Users\thele\.vscode\extensions\redhat.java-1.38.0-win32-x64\jre\17.0.13-win32-x86_64\bin\nio.dll
0x00007ffaef900000 - 0x00007ffaef910000 	c:\Users\thele\.vscode\extensions\redhat.java-1.38.0-win32-x64\jre\17.0.13-win32-x86_64\bin\verify.dll
0x00007ffabb590000 - 0x00007ffabb5d5000 	C:\Users\thele\AppData\Roaming\Code\User\globalStorage\redhat.java\1.38.0\config_win\org.eclipse.equinox.launcher\org.eclipse.equinox.launcher.win32.win32.x86_64_1.2.1100.v20240722-2106\eclipse_11904.dll
0x00007ffb12220000 - 0x00007ffb1234b000 	C:\Windows\System32\ole32.dll
0x00007ffb108b0000 - 0x00007ffb108c8000 	C:\Windows\SYSTEM32\CRYPTSP.dll
0x00007ffb0ff00000 - 0x00007ffb0ff34000 	C:\Windows\system32\rsaenh.dll
0x00007ffb10e10000 - 0x00007ffb10e3e000 	C:\Windows\SYSTEM32\USERENV.dll
0x00007ffb108a0000 - 0x00007ffb108ac000 	C:\Windows\SYSTEM32\CRYPTBASE.dll
0x00007ffb10340000 - 0x00007ffb1037b000 	C:\Windows\SYSTEM32\IPHLPAPI.DLL
0x00007ffb135f0000 - 0x00007ffb135f8000 	C:\Windows\System32\NSI.dll
0x00007ffb0c600000 - 0x00007ffb0c617000 	C:\Windows\SYSTEM32\dhcpcsvc6.DLL
0x00007ffb0c350000 - 0x00007ffb0c36d000 	C:\Windows\SYSTEM32\dhcpcsvc.DLL
0x00007ffb10380000 - 0x00007ffb1044a000 	C:\Windows\SYSTEM32\DNSAPI.dll
0x00007ffabb2e0000 - 0x00007ffabb329000 	C:\Users\thele\AppData\Local\Temp\jna-110327210\jna787460839077277659.dll
0x00007ffb12350000 - 0x00007ffb12358000 	C:\Windows\System32\PSAPI.DLL
0x00007ffaef120000 - 0x00007ffaef12e000 	C:\Users\thele\.vscode\extensions\redhat.java-1.38.0-win32-x64\jre\17.0.13-win32-x86_64\bin\sunmscapi.dll
0x00007ffb116a0000 - 0x00007ffb117fc000 	C:\Windows\System32\CRYPT32.dll
0x00007ffb109c0000 - 0x00007ffb109e7000 	C:\Windows\SYSTEM32\ncrypt.dll
0x00007ffb10980000 - 0x00007ffb109bb000 	C:\Windows\SYSTEM32\NTASN1.dll
0x00007ffb07880000 - 0x00007ffb0788a000 	C:\Windows\System32\rasadhlp.dll
0x00007ffb07660000 - 0x00007ffb076e0000 	C:\Windows\System32\fwpuclnt.dll
0x00007ffaee710000 - 0x00007ffaee719000 	C:\Users\thele\.vscode\extensions\redhat.java-1.38.0-win32-x64\jre\17.0.13-win32-x86_64\bin\extnet.dll

dbghelp: loaded successfully - version: 4.0.5 - missing functions: none
symbol engine: initialized successfully - sym options: 0x614 - pdb path: .;c:\Users\thele\.vscode\extensions\redhat.java-1.38.0-win32-x64\jre\17.0.13-win32-x86_64\bin;C:\Windows\SYSTEM32;C:\Windows\WinSxS\amd64_microsoft.windows.common-controls_6595b64144ccf1df_6.0.19041.4355_none_60b8b9eb71f62e16;c:\Users\thele\.vscode\extensions\redhat.java-1.38.0-win32-x64\jre\17.0.13-win32-x86_64\bin\server;C:\Users\thele\AppData\Roaming\Code\User\globalStorage\redhat.java\1.38.0\config_win\org.eclipse.equinox.launcher\org.eclipse.equinox.launcher.win32.win32.x86_64_1.2.1100.v20240722-2106;C:\Users\thele\AppData\Local\Temp\jna-110327210

VM Arguments:
jvm_args: --add-modules=ALL-SYSTEM --add-opens=java.base/java.util=ALL-UNNAMED --add-opens=java.base/java.lang=ALL-UNNAMED --add-opens=java.base/sun.nio.fs=ALL-UNNAMED -Declipse.application=org.eclipse.jdt.ls.core.id1 -Dosgi.bundles.defaultStartLevel=4 -Declipse.product=org.eclipse.jdt.ls.core.product -Djava.import.generatesMetadataFilesAtProjectRoot=false -DDetectVMInstallationsJob.disabled=true -Dfile.encoding=utf8 -XX:+UseParallelGC -XX:GCTimeRatio=4 -XX:AdaptiveSizePolicyWeight=90 -Dsun.zip.disableMemoryMapping=true -Xmx1G -Xms100m -Xlog:disable -javaagent:c:\Users\thele\.vscode\extensions\redhat.java-1.38.0-win32-x64\lombok\lombok-1.18.34.jar -XX:+HeapDumpOnOutOfMemoryError -XX:HeapDumpPath=c:\Users\thele\AppData\Roaming\Code\User\workspaceStorage\e5dde9302b5f83651fc1bc245e8a6f84\redhat.java -Daether.dependencyCollector.impl=bf 
java_command: c:\Users\thele\.vscode\extensions\redhat.java-1.38.0-win32-x64\server\plugins\org.eclipse.equinox.launcher_1.6.900.v20240613-2009.jar -configuration c:\Users\thele\AppData\Roaming\Code\User\globalStorage\redhat.java\1.38.0\config_win -data c:\Users\thele\AppData\Roaming\Code\User\workspaceStorage\e5dde9302b5f83651fc1bc245e8a6f84\redhat.java\jdt_ws --pipe=\\.\pipe\lsp-96c09aea332ba8519dfbb53090d3c455-sock
java_class_path (initial): c:\Users\thele\.vscode\extensions\redhat.java-1.38.0-win32-x64\server\plugins\org.eclipse.equinox.launcher_1.6.900.v20240613-2009.jar
Launcher Type: SUN_STANDARD

[Global flags]
    uintx AdaptiveSizePolicyWeight                 = 90                                        {product} {command line}
     intx CICompilerCount                          = 3                                         {product} {ergonomic}
    uintx GCTimeRatio                              = 4                                         {product} {command line}
     bool HeapDumpOnOutOfMemoryError               = true                                   {manageable} {command line}
    ccstr HeapDumpPath                             = c:\Users\thele\AppData\Roaming\Code\User\workspaceStorage\e5dde9302b5f83651fc1bc245e8a6f84\redhat.java         {manageable} {command line}
   size_t InitialHeapSize                          = 104857600                                 {product} {command line}
   size_t MaxHeapSize                              = 1073741824                                {product} {command line}
   size_t MaxNewSize                               = 357564416                                 {product} {ergonomic}
   size_t MinHeapDeltaBytes                        = 524288                                    {product} {ergonomic}
   size_t MinHeapSize                              = 104857600                                 {product} {command line}
   size_t NewSize                                  = 34603008                                  {product} {ergonomic}
    uintx NonNMethodCodeHeapSize                   = 5832780                                {pd product} {ergonomic}
    uintx NonProfiledCodeHeapSize                  = 122912730                              {pd product} {ergonomic}
   size_t OldSize                                  = 70254592                                  {product} {ergonomic}
    uintx ProfiledCodeHeapSize                     = 122912730                              {pd product} {ergonomic}
    uintx ReservedCodeCacheSize                    = 251658240                              {pd product} {ergonomic}
     bool SegmentedCodeCache                       = true                                      {product} {ergonomic}
   size_t SoftMaxHeapSize                          = 1073741824                             {manageable} {ergonomic}
     bool UseCompressedClassPointers               = true                           {product lp64_product} {ergonomic}
     bool UseCompressedOops                        = true                           {product lp64_product} {ergonomic}
     bool UseLargePagesIndividualAllocation        = false                                  {pd product} {ergonomic}
     bool UseParallelGC                            = true                                      {product} {command line}

Logging:
Log output configuration:
 #0: stdout all=off uptime,level,tags
 #1: stderr all=off uptime,level,tags

Environment Variables:
JAVA_HOME=C:\Program Files\Java\jdk-17.0.12
PATH=C:\Program Files\Common Files\Oracle\Java\javapath;C:\Program Files (x86)\Common Files\Oracle\Java\java8path;C:\Program Files (x86)\Common Files\Oracle\Java\javapath;C:\Windows\system32;C:\Windows;C:\Windows\System32\Wbem;C:\Windows\System32\WindowsPowerShell\v1.0\;C:\Windows\System32\OpenSSH\;C:\Program Files\Git\cmd;C:\Program Files\nodejs\;C:\Users\thele\AppData\Local\Microsoft\WindowsApps;C:\Users\thele\AppData\Local\Programs\Microsoft VS Code\bin;C:\Users\thele\AppData\Local\GitHubDesktop\bin;C:\Users\thele\AppData\Roaming\npm;F:\programas\IntelliJ IDEA Community Edition 2024.3.1.1\bin
USERNAME=thele
OS=Windows_NT
PROCESSOR_IDENTIFIER=Intel64 Family 6 Model 60 Stepping 3, GenuineIntel
TMP=C:\Users\thele\AppData\Local\Temp
TEMP=C:\Users\thele\AppData\Local\Temp



Periodic native trim disabled


---------------  S Y S T E M  ---------------

OS:
 Windows 10 , 64 bit Build 19041 (10.0.19041.5198)
OS uptime: 6 days 4:09 hours

CPU: total 4 (initial active 4) (4 cores per cpu, 1 threads per core) family 6 model 60 stepping 3 microcode 0x27, cx8, cmov, fxsr, mmx, sse, sse2, sse3, ssse3, sse4.1, sse4.2, popcnt, lzcnt, tsc, tscinvbit, avx, avx2, aes, erms, clmul, bmi1, bmi2, fma, vzeroupper, clflush
Processor Information for all 4 processors :
  Max Mhz: 3301, Current Mhz: 3301, Mhz Limit: 3301

Memory: 4k page, system-wide physical 12180M (4626M free)
TotalPageFile size 14036M (AvailPageFile size 4829M)
current process WorkingSet (physical memory assigned to process): 587M, peak: 587M
current process commit charge ("private bytes"): 522M, peak: 524M

vm_info: OpenJDK 64-Bit Server VM (17.0.13+11) for windows-amd64 JRE (17.0.13+11), built on Oct 16 2024 00:10:08 by "admin" with MS VC++ 17.7 (VS2022)

END.
